<?xml version="1.0" encoding="UTF-8"?>
<!-- Generated by org.testng.reporters.JUnitXMLReporter -->
<testsuite ignored="0" hostname="Rahul-Tech" failures="0" tests="3" name="Submit OrderTest" time="36.457" errors="0" timestamp="2025-02-09T19:57:36 IST">
  <testcase classname="testCases.SubmitOrderTest" name="submitOrder" time="8.214"/>
  <testcase classname="testCases.SubmitOrderTest" name="submitOrder" time="8.845"/>
  <testcase classname="testCases.SubmitOrderTest" name="orderHistroyTest" time="0.914"/>
</testsuite> <!-- Submit OrderTest -->
