<?xml version="1.0" encoding="UTF-8"?>
<!-- Generated by org.testng.reporters.JUnitXMLReporter -->
<testsuite ignored="0" hostname="Rahul-Tech" failures="0" tests="3" name="Submit OrderTest" time="39.505" errors="0" timestamp="2025-02-09T20:03:49 IST">
  <testcase classname="testCases.SubmitOrderTest" name="submitOrder" time="9.868"/>
  <testcase classname="testCases.SubmitOrderTest" name="submitOrder" time="9.606"/>
  <testcase classname="testCases.SubmitOrderTest" name="orderHistroyTest" time="0.961"/>
</testsuite> <!-- Submit OrderTest -->
