<?xml version="1.0" encoding="UTF-8"?>
<testng-results ignored="0" total="5" passed="5" failed="0" skipped="0">
  <reporter-output>
  </reporter-output>
  <suite started-at="2025-02-09T20:03:10 IST" name="Suite" finished-at="2025-02-09T20:03:49 IST" duration-ms="39505">
    <groups>
      <group name="ErrorHandling">
        <method signature="ErrorValidationTest.loginErrorValidation()[pri:0, instance:testCases.ErrorValidationTest@194fad1]" name="loginErrorValidation" class="testCases.ErrorValidationTest"/>
      </group> <!-- ErrorHandling -->
      <group name="Purchase">
        <method signature="SubmitOrderTest.submitOrder(java.util.HashMap)[pri:0, instance:testCases.SubmitOrderTest@18271936]" name="submitOrder" class="testCases.SubmitOrderTest"/>
      </group> <!-- Purchase -->
    </groups>
    <test started-at="2025-02-09T20:03:10 IST" name="Error Validation Test" finished-at="2025-02-09T20:03:36 IST" duration-ms="26562">
      <class name="testCases.ErrorValidationTest">
        <test-method is-config="true" signature="launchApplication()[pri:0, instance:testCases.ErrorValidationTest@194fad1]" started-at="2025-02-09T20:03:10 IST" name="launchApplication" finished-at="2025-02-09T20:03:18 IST" duration-ms="8358" status="PASS">
          <reporter-output>
          </reporter-output>
        </test-method> <!-- launchApplication -->
        <test-method signature="loginErrorValidation()[pri:0, instance:testCases.ErrorValidationTest@194fad1]" started-at="2025-02-09T20:03:18 IST" name="loginErrorValidation" finished-at="2025-02-09T20:03:19 IST" duration-ms="1107" status="PASS">
          <reporter-output>
          </reporter-output>
        </test-method> <!-- loginErrorValidation -->
        <test-method is-config="true" signature="tearDown()[pri:0, instance:testCases.ErrorValidationTest@194fad1]" started-at="2025-02-09T20:03:19 IST" name="tearDown" finished-at="2025-02-09T20:03:20 IST" duration-ms="1128" status="PASS">
          <reporter-output>
          </reporter-output>
        </test-method> <!-- tearDown -->
        <test-method is-config="true" signature="launchApplication()[pri:0, instance:testCases.ErrorValidationTest@194fad1]" started-at="2025-02-09T20:03:20 IST" name="launchApplication" finished-at="2025-02-09T20:03:24 IST" duration-ms="3889" status="PASS">
          <reporter-output>
          </reporter-output>
        </test-method> <!-- launchApplication -->
        <test-method signature="productErrorValidation()[pri:0, instance:testCases.ErrorValidationTest@194fad1]" started-at="2025-02-09T20:03:24 IST" name="productErrorValidation" finished-at="2025-02-09T20:03:33 IST" duration-ms="8937" status="PASS">
          <reporter-output>
          </reporter-output>
        </test-method> <!-- productErrorValidation -->
        <test-method is-config="true" signature="tearDown()[pri:0, instance:testCases.ErrorValidationTest@194fad1]" started-at="2025-02-09T20:03:33 IST" name="tearDown" finished-at="2025-02-09T20:03:36 IST" duration-ms="3033" status="PASS">
          <reporter-output>
          </reporter-output>
        </test-method> <!-- tearDown -->
      </class> <!-- testCases.ErrorValidationTest -->
    </test> <!-- Error Validation Test -->
    <test started-at="2025-02-09T20:03:10 IST" name="Submit OrderTest" finished-at="2025-02-09T20:03:49 IST" duration-ms="39505">
      <class name="testCases.SubmitOrderTest">
        <test-method is-config="true" signature="launchApplication()[pri:0, instance:testCases.SubmitOrderTest@18271936]" started-at="2025-02-09T20:03:10 IST" name="launchApplication" finished-at="2025-02-09T20:03:16 IST" duration-ms="6274" status="PASS">
          <reporter-output>
          </reporter-output>
        </test-method> <!-- launchApplication -->
        <test-method signature="submitOrder(java.util.HashMap)[pri:0, instance:testCases.SubmitOrderTest@18271936]" started-at="2025-02-09T20:03:16 IST" name="submitOrder" data-provider="getData" finished-at="2025-02-09T20:03:26 IST" duration-ms="9868" status="PASS">
          <params>
            <param index="0">
              <value>
                <![CDATA[{password=Rahul@123, product=BANARSI SAREE, email=abc57@gmail.com}]]>
              </value>
            </param>
          </params>
          <reporter-output>
          </reporter-output>
        </test-method> <!-- submitOrder -->
        <test-method is-config="true" signature="tearDown()[pri:0, instance:testCases.SubmitOrderTest@18271936]" started-at="2025-02-09T20:03:26 IST" name="tearDown" finished-at="2025-02-09T20:03:28 IST" duration-ms="1252" status="PASS">
          <reporter-output>
          </reporter-output>
        </test-method> <!-- tearDown -->
        <test-method is-config="true" signature="launchApplication()[pri:0, instance:testCases.SubmitOrderTest@18271936]" started-at="2025-02-09T20:03:28 IST" name="launchApplication" finished-at="2025-02-09T20:03:31 IST" duration-ms="3939" status="PASS">
          <reporter-output>
          </reporter-output>
        </test-method> <!-- launchApplication -->
        <test-method signature="submitOrder(java.util.HashMap)[pri:0, instance:testCases.SubmitOrderTest@18271936]" started-at="2025-02-09T20:03:31 IST" name="submitOrder" data-provider="getData" finished-at="2025-02-09T20:03:41 IST" duration-ms="9606" status="PASS">
          <params>
            <param index="0">
              <value>
                <![CDATA[{password=Rahul@123, product=BANARSI SAREE, email=abc5795@gmail.com}]]>
              </value>
            </param>
          </params>
          <reporter-output>
          </reporter-output>
        </test-method> <!-- submitOrder -->
        <test-method is-config="true" signature="tearDown()[pri:0, instance:testCases.SubmitOrderTest@18271936]" started-at="2025-02-09T20:03:41 IST" name="tearDown" finished-at="2025-02-09T20:03:43 IST" duration-ms="1504" status="PASS">
          <reporter-output>
          </reporter-output>
        </test-method> <!-- tearDown -->
        <test-method is-config="true" signature="launchApplication()[pri:0, instance:testCases.SubmitOrderTest@18271936]" started-at="2025-02-09T20:03:43 IST" name="launchApplication" finished-at="2025-02-09T20:03:47 IST" duration-ms="4340" status="PASS">
          <reporter-output>
          </reporter-output>
        </test-method> <!-- launchApplication -->
        <test-method signature="orderHistroyTest()[pri:0, instance:testCases.SubmitOrderTest@18271936]" started-at="2025-02-09T20:03:47 IST" name="orderHistroyTest" finished-at="2025-02-09T20:03:48 IST" depends-on-methods="testCases.SubmitOrderTest.submitOrder" duration-ms="961" status="PASS">
          <reporter-output>
          </reporter-output>
        </test-method> <!-- orderHistroyTest -->
        <test-method is-config="true" signature="tearDown()[pri:0, instance:testCases.SubmitOrderTest@18271936]" started-at="2025-02-09T20:03:48 IST" name="tearDown" finished-at="2025-02-09T20:03:49 IST" duration-ms="1215" status="PASS">
          <reporter-output>
          </reporter-output>
        </test-method> <!-- tearDown -->
      </class> <!-- testCases.SubmitOrderTest -->
    </test> <!-- Submit OrderTest -->
  </suite> <!-- Suite -->
</testng-results>
